TpTrace Verbose: 0 : 31068, 1, 2022/02/10, 23:24:31.720, 1384826107652, vstest.console.dll, Version: 16.11.0
TpTrace Information: 0 : 31068, 1, 2022/02/10, 23:24:31.746, 1384826263073, vstest.console.dll, FilePatternParser: The given file C:\Users\2048648\Downloads\Policy Microservice (1)\Policy Microservice\PolicyUnitTest\PolicyUnitTest\bin\Debug\netcoreapp3.1\fine-code-coverage\build-output\PolicyUnitTest1.dll is a full path.
TpTrace Verbose: 0 : 31068, 1, 2022/02/10, 23:24:31.787, 1384826665829, vstest.console.dll, TestPluginCache.DiscoverTestExtensions: finding test extensions in assemblies ends with: RuntimeProvider.dll TPluginInfo: Microsoft.VisualStudio.TestPlatform.Common.ExtensionFramework.Utilities.TestRuntimePluginInformation TExtension: Microsoft.VisualStudio.TestPlatform.ObjectModel.Host.ITestRuntimeProvider
TpTrace Verbose: 0 : 31068, 1, 2022/02/10, 23:24:31.787, 1384826673312, vstest.console.dll, TestPluginCache.GetExtensionPaths: Filtered extension paths: 
TpTrace Verbose: 0 : 31068, 1, 2022/02/10, 23:24:31.788, 1384826675711, vstest.console.dll, TestPluginCache.GetExtensionPaths: Added default extension paths: C:\Program Files\dotnet\sdk\5.0.405\Extensions\Microsoft.Diagnostics.NETCore.Client.dll
C:\Program Files\dotnet\sdk\5.0.405\Extensions\Microsoft.TestPlatform.Extensions.BlameDataCollector.dll
C:\Program Files\dotnet\sdk\5.0.405\Extensions\Microsoft.TestPlatform.Extensions.EventLogCollector.dll
C:\Program Files\dotnet\sdk\5.0.405\Extensions\Microsoft.TestPlatform.TestHostRuntimeProvider.dll
C:\Program Files\dotnet\sdk\5.0.405\Extensions\Microsoft.VisualStudio.TestPlatform.Extensions.Html.TestLogger.dll
C:\Program Files\dotnet\sdk\5.0.405\Extensions\Microsoft.VisualStudio.TestPlatform.Extensions.Trx.TestLogger.dll
TpTrace Verbose: 0 : 31068, 1, 2022/02/10, 23:24:31.788, 1384826677260, vstest.console.dll, TestPluginCache.GetExtensionPaths: Added unfilterableExtensionPaths: 
TpTrace Information: 0 : 31068, 1, 2022/02/10, 23:24:31.789, 1384826692670, vstest.console.dll, AssemblyResolver.ctor: Creating AssemblyResolver with searchDirectories C:\Program Files\dotnet\sdk\5.0.405\Extensions,C:\Program Files\dotnet\sdk\5.0.405
TpTrace Verbose: 0 : 31068, 1, 2022/02/10, 23:24:31.791, 1384826710499, vstest.console.dll, TestPluginCache.DiscoverTestExtensions: Discovering the extensions using extension path.
TpTrace Verbose: 0 : 31068, 1, 2022/02/10, 23:24:31.791, 1384826713164, vstest.console.dll, TestPluginCache.GetExtensionPaths: Filtered extension paths: 
TpTrace Verbose: 0 : 31068, 1, 2022/02/10, 23:24:31.791, 1384826714644, vstest.console.dll, TestPluginCache.GetExtensionPaths: Added default extension paths: C:\Program Files\dotnet\sdk\5.0.405\Extensions\Microsoft.Diagnostics.NETCore.Client.dll
C:\Program Files\dotnet\sdk\5.0.405\Extensions\Microsoft.TestPlatform.Extensions.BlameDataCollector.dll
C:\Program Files\dotnet\sdk\5.0.405\Extensions\Microsoft.TestPlatform.Extensions.EventLogCollector.dll
C:\Program Files\dotnet\sdk\5.0.405\Extensions\Microsoft.TestPlatform.TestHostRuntimeProvider.dll
C:\Program Files\dotnet\sdk\5.0.405\Extensions\Microsoft.VisualStudio.TestPlatform.Extensions.Html.TestLogger.dll
C:\Program Files\dotnet\sdk\5.0.405\Extensions\Microsoft.VisualStudio.TestPlatform.Extensions.Trx.TestLogger.dll
TpTrace Verbose: 0 : 31068, 1, 2022/02/10, 23:24:31.792, 1384826716081, vstest.console.dll, TestPluginCache.GetExtensionPaths: Added unfilterableExtensionPaths: 
TpTrace Verbose: 0 : 31068, 1, 2022/02/10, 23:24:31.792, 1384826718137, vstest.console.dll, TestPluginCache.DiscoverTestExtensions: Discovering the extensions using allExtensionPaths: C:\Program Files\dotnet\sdk\5.0.405\Extensions\Microsoft.Diagnostics.NETCore.Client.dll
C:\Program Files\dotnet\sdk\5.0.405\Extensions\Microsoft.TestPlatform.Extensions.BlameDataCollector.dll
C:\Program Files\dotnet\sdk\5.0.405\Extensions\Microsoft.TestPlatform.Extensions.EventLogCollector.dll
C:\Program Files\dotnet\sdk\5.0.405\Extensions\Microsoft.TestPlatform.TestHostRuntimeProvider.dll
C:\Program Files\dotnet\sdk\5.0.405\Extensions\Microsoft.VisualStudio.TestPlatform.Extensions.Html.TestLogger.dll
C:\Program Files\dotnet\sdk\5.0.405\Extensions\Microsoft.VisualStudio.TestPlatform.Extensions.Trx.TestLogger.dll
TpTrace Information: 0 : 31068, 1, 2022/02/10, 23:24:31.792, 1384826721633, vstest.console.dll, AssemblyResolver.AddSearchDirectories: Adding more searchDirectories C:\Program Files\dotnet\sdk\5.0.405\Extensions,C:\Program Files\dotnet\sdk\5.0.405
TpTrace Information: 0 : 31068, 1, 2022/02/10, 23:24:31.792, 1384826723502, vstest.console.dll, AssemblyResolver.AddSearchDirectories: Adding more searchDirectories C:\Program Files\dotnet\sdk\5.0.405\Extensions,C:\Program Files\dotnet\sdk\5.0.405
TpTrace Information: 0 : 31068, 1, 2022/02/10, 23:24:31.792, 1384826725027, vstest.console.dll, AssemblyResolver.AddSearchDirectories: Adding more searchDirectories C:\Program Files\dotnet\sdk\5.0.405\Extensions,C:\Program Files\dotnet\sdk\5.0.405
TpTrace Information: 0 : 31068, 1, 2022/02/10, 23:24:31.793, 1384826726430, vstest.console.dll, AssemblyResolver.AddSearchDirectories: Adding more searchDirectories C:\Program Files\dotnet\sdk\5.0.405\Extensions,C:\Program Files\dotnet\sdk\5.0.405
TpTrace Information: 0 : 31068, 1, 2022/02/10, 23:24:31.793, 1384826728669, vstest.console.dll, AssemblyResolver.AddSearchDirectories: Adding more searchDirectories C:\Program Files\dotnet\sdk\5.0.405\Extensions,C:\Program Files\dotnet\sdk\5.0.405
TpTrace Information: 0 : 31068, 1, 2022/02/10, 23:24:31.793, 1384826730192, vstest.console.dll, AssemblyResolver.AddSearchDirectories: Adding more searchDirectories C:\Program Files\dotnet\sdk\5.0.405\Extensions,C:\Program Files\dotnet\sdk\5.0.405
TpTrace Information: 0 : 31068, 1, 2022/02/10, 23:24:31.794, 1384826738396, vstest.console.dll, AssemblyResolver.OnResolve: Microsoft.Diagnostics.NETCore.Client: Resolving assembly.
TpTrace Information: 0 : 31068, 1, 2022/02/10, 23:24:31.794, 1384826740645, vstest.console.dll, AssemblyResolver.OnResolve: Microsoft.Diagnostics.NETCore.Client: Searching in: 'C:\Program Files\dotnet\sdk\5.0.405\Extensions'.
TpTrace Information: 0 : 31068, 1, 2022/02/10, 23:24:31.795, 1384826750004, vstest.console.dll, AssemblyResolver.OnResolve: Microsoft.Diagnostics.NETCore.Client: Loading assembly 'C:\Program Files\dotnet\sdk\5.0.405\Extensions\Microsoft.Diagnostics.NETCore.Client.dll'.
TpTrace Information: 0 : 31068, 1, 2022/02/10, 23:24:31.796, 1384826761097, vstest.console.dll, AssemblyResolver.OnResolve: Resolved assembly: Microsoft.Diagnostics.NETCore.Client, from path: C:\Program Files\dotnet\sdk\5.0.405\Extensions\Microsoft.Diagnostics.NETCore.Client.dll
TpTrace Information: 0 : 31068, 1, 2022/02/10, 23:24:31.801, 1384826813628, vstest.console.dll, AssemblyResolver.OnResolve: Microsoft.Bcl.AsyncInterfaces: Resolving assembly.
TpTrace Information: 0 : 31068, 1, 2022/02/10, 23:24:31.802, 1384826816122, vstest.console.dll, AssemblyResolver.OnResolve: Microsoft.Bcl.AsyncInterfaces: Searching in: 'C:\Program Files\dotnet\sdk\5.0.405\Extensions'.
TpTrace Information: 0 : 31068, 1, 2022/02/10, 23:24:31.802, 1384826818405, vstest.console.dll, AssemblyResolver.OnResolve: Microsoft.Bcl.AsyncInterfaces: Assembly path does not exist: 'C:\Program Files\dotnet\sdk\5.0.405\Extensions\Microsoft.Bcl.AsyncInterfaces.dll', returning.
TpTrace Information: 0 : 31068, 1, 2022/02/10, 23:24:31.802, 1384826820338, vstest.console.dll, AssemblyResolver.OnResolve: Microsoft.Bcl.AsyncInterfaces: Assembly path does not exist: 'C:\Program Files\dotnet\sdk\5.0.405\Extensions\Microsoft.Bcl.AsyncInterfaces.exe', returning.
TpTrace Information: 0 : 31068, 1, 2022/02/10, 23:24:31.802, 1384826821777, vstest.console.dll, AssemblyResolver.OnResolve: Microsoft.Bcl.AsyncInterfaces: Searching in: 'C:\Program Files\dotnet\sdk\5.0.405'.
TpTrace Information: 0 : 31068, 1, 2022/02/10, 23:24:31.802, 1384826823848, vstest.console.dll, AssemblyResolver.OnResolve: Microsoft.Bcl.AsyncInterfaces: Assembly path does not exist: 'C:\Program Files\dotnet\sdk\5.0.405\Microsoft.Bcl.AsyncInterfaces.dll', returning.
TpTrace Information: 0 : 31068, 1, 2022/02/10, 23:24:31.803, 1384826825845, vstest.console.dll, AssemblyResolver.OnResolve: Microsoft.Bcl.AsyncInterfaces: Assembly path does not exist: 'C:\Program Files\dotnet\sdk\5.0.405\Microsoft.Bcl.AsyncInterfaces.exe', returning.
TpTrace Information: 0 : 31068, 1, 2022/02/10, 23:24:31.803, 1384826828352, vstest.console.dll, AssemblyResolver.OnResolve: Microsoft.Bcl.AsyncInterfaces: Failed to load assembly.
TpTrace Verbose: 0 : 31068, 1, 2022/02/10, 23:24:31.803, 1384826830030, vstest.console.dll, CurrentDomainAssemblyResolve: Resolving assembly 'Microsoft.Bcl.AsyncInterfaces'.
TpTrace Information: 0 : 31068, 1, 2022/02/10, 23:24:31.803, 1384826832058, vstest.console.dll, AssemblyResolver.OnResolve: Microsoft.Bcl.AsyncInterfaces: Resolving assembly.
TpTrace Information: 0 : 31068, 1, 2022/02/10, 23:24:31.803, 1384826833574, vstest.console.dll, AssemblyResolver.OnResolve: Microsoft.Bcl.AsyncInterfaces: Resolved from cache.
TpTrace Verbose: 0 : 31068, 1, 2022/02/10, 23:24:31.803, 1384826834978, vstest.console.dll, CurrentDomainAssemblyResolve: Resolving assembly 'Microsoft.Bcl.AsyncInterfaces'.
TpTrace Verbose: 0 : 31068, 1, 2022/02/10, 23:24:31.804, 1384826836439, vstest.console.dll, CurrentDomainAssemblyResolve: Failed to resolve assembly 'Microsoft.Bcl.AsyncInterfaces'.
TpTrace Verbose: 0 : 31068, 1, 2022/02/10, 23:24:31.836, 1384827157666, vstest.console.dll, CurrentDomainAssemblyResolve: Failed to resolve assembly 'Microsoft.Bcl.AsyncInterfaces'.
TpTrace Warning: 0 : 31068, 1, 2022/02/10, 23:24:32.070, 1384829498085, vstest.console.dll, TestPluginDiscoverer: Failed to get types from assembly 'Microsoft.Diagnostics.NETCore.Client, Version=0.2.2.41902, Culture=neutral, PublicKeyToken=31bf3856ad364e35'.  Skipping test extension scan for this assembly.  Error: System.Reflection.ReflectionTypeLoadException: Unable to load one or more of the requested types.
Could not load file or assembly 'Microsoft.Bcl.AsyncInterfaces, Version=1.0.0.0, Culture=neutral, PublicKeyToken=cc7b13ffcd2ddd51'. The system cannot find the file specified.
   at System.Reflection.RuntimeModule.GetTypes(RuntimeModule module)
   at System.Reflection.RuntimeModule.GetTypes()
   at System.Reflection.Assembly.GetTypes()
   at Microsoft.VisualStudio.TestPlatform.Common.ExtensionFramework.TestPluginDiscoverer.GetTestExtensionsFromAssembly[TPluginInfo,TExtension](Assembly assembly, Dictionary`2 pluginInfos)
System.IO.FileNotFoundException: Could not load file or assembly 'Microsoft.Bcl.AsyncInterfaces, Version=1.0.0.0, Culture=neutral, PublicKeyToken=cc7b13ffcd2ddd51'. The system cannot find the file specified.
File name: 'Microsoft.Bcl.AsyncInterfaces, Version=1.0.0.0, Culture=neutral, PublicKeyToken=cc7b13ffcd2ddd51'
TpTrace Warning: 0 : 31068, 1, 2022/02/10, 23:24:32.070, 1384829500943, vstest.console.dll, LoaderExceptions: System.IO.FileNotFoundException: Could not load file or assembly 'Microsoft.Bcl.AsyncInterfaces, Version=1.0.0.0, Culture=neutral, PublicKeyToken=cc7b13ffcd2ddd51'. The system cannot find the file specified.
File name: 'Microsoft.Bcl.AsyncInterfaces, Version=1.0.0.0, Culture=neutral, PublicKeyToken=cc7b13ffcd2ddd51'
TpTrace Information: 0 : 31068, 1, 2022/02/10, 23:24:32.070, 1384829503960, vstest.console.dll, AssemblyResolver.OnResolve: Microsoft.TestPlatform.Extensions.BlameDataCollector: Resolving assembly.
TpTrace Information: 0 : 31068, 1, 2022/02/10, 23:24:32.071, 1384829505659, vstest.console.dll, AssemblyResolver.OnResolve: Microsoft.TestPlatform.Extensions.BlameDataCollector: Searching in: 'C:\Program Files\dotnet\sdk\5.0.405\Extensions'.
TpTrace Information: 0 : 31068, 1, 2022/02/10, 23:24:32.071, 1384829512357, vstest.console.dll, AssemblyResolver.OnResolve: Microsoft.TestPlatform.Extensions.BlameDataCollector: Loading assembly 'C:\Program Files\dotnet\sdk\5.0.405\Extensions\Microsoft.TestPlatform.Extensions.BlameDataCollector.dll'.
TpTrace Information: 0 : 31068, 1, 2022/02/10, 23:24:32.072, 1384829522145, vstest.console.dll, AssemblyResolver.OnResolve: Resolved assembly: Microsoft.TestPlatform.Extensions.BlameDataCollector, from path: C:\Program Files\dotnet\sdk\5.0.405\Extensions\Microsoft.TestPlatform.Extensions.BlameDataCollector.dll
TpTrace Information: 0 : 31068, 1, 2022/02/10, 23:24:32.073, 1384829534081, vstest.console.dll, AssemblyResolver.OnResolve: Microsoft.TestPlatform.Extensions.EventLogCollector: Resolving assembly.
TpTrace Information: 0 : 31068, 1, 2022/02/10, 23:24:32.074, 1384829536187, vstest.console.dll, AssemblyResolver.OnResolve: Microsoft.TestPlatform.Extensions.EventLogCollector: Searching in: 'C:\Program Files\dotnet\sdk\5.0.405\Extensions'.
TpTrace Information: 0 : 31068, 1, 2022/02/10, 23:24:32.074, 1384829542910, vstest.console.dll, AssemblyResolver.OnResolve: Microsoft.TestPlatform.Extensions.EventLogCollector: Loading assembly 'C:\Program Files\dotnet\sdk\5.0.405\Extensions\Microsoft.TestPlatform.Extensions.EventLogCollector.dll'.
TpTrace Information: 0 : 31068, 1, 2022/02/10, 23:24:32.075, 1384829551084, vstest.console.dll, AssemblyResolver.OnResolve: Resolved assembly: Microsoft.TestPlatform.Extensions.EventLogCollector, from path: C:\Program Files\dotnet\sdk\5.0.405\Extensions\Microsoft.TestPlatform.Extensions.EventLogCollector.dll
TpTrace Information: 0 : 31068, 1, 2022/02/10, 23:24:32.078, 1384829582082, vstest.console.dll, AssemblyResolver.OnResolve: Microsoft.TestPlatform.TestHostRuntimeProvider: Resolving assembly.
TpTrace Information: 0 : 31068, 1, 2022/02/10, 23:24:32.078, 1384829584248, vstest.console.dll, AssemblyResolver.OnResolve: Microsoft.TestPlatform.TestHostRuntimeProvider: Searching in: 'C:\Program Files\dotnet\sdk\5.0.405\Extensions'.
TpTrace Information: 0 : 31068, 1, 2022/02/10, 23:24:32.079, 1384829590114, vstest.console.dll, AssemblyResolver.OnResolve: Microsoft.TestPlatform.TestHostRuntimeProvider: Loading assembly 'C:\Program Files\dotnet\sdk\5.0.405\Extensions\Microsoft.TestPlatform.TestHostRuntimeProvider.dll'.
TpTrace Information: 0 : 31068, 1, 2022/02/10, 23:24:32.080, 1384829598210, vstest.console.dll, AssemblyResolver.OnResolve: Resolved assembly: Microsoft.TestPlatform.TestHostRuntimeProvider, from path: C:\Program Files\dotnet\sdk\5.0.405\Extensions\Microsoft.TestPlatform.TestHostRuntimeProvider.dll
TpTrace Information: 0 : 31068, 1, 2022/02/10, 23:24:32.082, 1384829620333, vstest.console.dll, AssemblyResolver.OnResolve: Microsoft.VisualStudio.TestPlatform.Extensions.Html.TestLogger: Resolving assembly.
TpTrace Information: 0 : 31068, 1, 2022/02/10, 23:24:32.082, 1384829622593, vstest.console.dll, AssemblyResolver.OnResolve: Microsoft.VisualStudio.TestPlatform.Extensions.Html.TestLogger: Searching in: 'C:\Program Files\dotnet\sdk\5.0.405\Extensions'.
TpTrace Information: 0 : 31068, 1, 2022/02/10, 23:24:32.083, 1384829628747, vstest.console.dll, AssemblyResolver.OnResolve: Microsoft.VisualStudio.TestPlatform.Extensions.Html.TestLogger: Loading assembly 'C:\Program Files\dotnet\sdk\5.0.405\Extensions\Microsoft.VisualStudio.TestPlatform.Extensions.Html.TestLogger.dll'.
TpTrace Information: 0 : 31068, 1, 2022/02/10, 23:24:32.084, 1384829636933, vstest.console.dll, AssemblyResolver.OnResolve: Resolved assembly: Microsoft.VisualStudio.TestPlatform.Extensions.Html.TestLogger, from path: C:\Program Files\dotnet\sdk\5.0.405\Extensions\Microsoft.VisualStudio.TestPlatform.Extensions.Html.TestLogger.dll
TpTrace Information: 0 : 31068, 1, 2022/02/10, 23:24:32.084, 1384829643631, vstest.console.dll, AssemblyResolver.OnResolve: Microsoft.VisualStudio.TestPlatform.Extensions.Trx.TestLogger: Resolving assembly.
TpTrace Information: 0 : 31068, 1, 2022/02/10, 23:24:32.085, 1384829645390, vstest.console.dll, AssemblyResolver.OnResolve: Microsoft.VisualStudio.TestPlatform.Extensions.Trx.TestLogger: Searching in: 'C:\Program Files\dotnet\sdk\5.0.405\Extensions'.
TpTrace Information: 0 : 31068, 1, 2022/02/10, 23:24:32.085, 1384829651347, vstest.console.dll, AssemblyResolver.OnResolve: Microsoft.VisualStudio.TestPlatform.Extensions.Trx.TestLogger: Loading assembly 'C:\Program Files\dotnet\sdk\5.0.405\Extensions\Microsoft.VisualStudio.TestPlatform.Extensions.Trx.TestLogger.dll'.
TpTrace Information: 0 : 31068, 1, 2022/02/10, 23:24:32.086, 1384829661547, vstest.console.dll, AssemblyResolver.OnResolve: Resolved assembly: Microsoft.VisualStudio.TestPlatform.Extensions.Trx.TestLogger, from path: C:\Program Files\dotnet\sdk\5.0.405\Extensions\Microsoft.VisualStudio.TestPlatform.Extensions.Trx.TestLogger.dll
TpTrace Verbose: 0 : 31068, 1, 2022/02/10, 23:24:32.087, 1384829672439, vstest.console.dll, TestPluginCache: Discovered the extensions using extension path ''.
TpTrace Verbose: 0 : 31068, 1, 2022/02/10, 23:24:32.087, 1384829674385, vstest.console.dll, TestPluginCache: Discoverers are ''.
TpTrace Verbose: 0 : 31068, 1, 2022/02/10, 23:24:32.088, 1384829675752, vstest.console.dll, TestPluginCache: Executors are ''.
TpTrace Verbose: 0 : 31068, 1, 2022/02/10, 23:24:32.088, 1384829677124, vstest.console.dll, TestPluginCache: Executors2 are ''.
TpTrace Verbose: 0 : 31068, 1, 2022/02/10, 23:24:32.088, 1384829678414, vstest.console.dll, TestPluginCache: Setting providers are ''.
TpTrace Verbose: 0 : 31068, 1, 2022/02/10, 23:24:32.088, 1384829679645, vstest.console.dll, TestPluginCache: Loggers are ''.
TpTrace Information: 0 : 31068, 1, 2022/02/10, 23:24:32.097, 1384829765435, vstest.console.dll, RunTestsArgumentProcessor:Execute: Test run is starting.
TpTrace Verbose: 0 : 31068, 1, 2022/02/10, 23:24:32.097, 1384829767804, vstest.console.dll, RunTestsArgumentProcessor:Execute: Queuing Test run.
TpTrace Information: 0 : 31068, 1, 2022/02/10, 23:24:32.097, 1384829772407, vstest.console.dll, TestRequestManager.RunTests: run tests started.
TpTrace Information: 0 : 31068, 1, 2022/02/10, 23:24:32.104, 1384829836939, vstest.console.dll, AssemblyMetadataProvider.GetFrameWork: Determined framework:'.NETCoreApp,Version=v3.1' for source: 'C:\Users\2048648\Downloads\Policy Microservice (1)\Policy Microservice\PolicyUnitTest\PolicyUnitTest\bin\Debug\netcoreapp3.1\fine-code-coverage\build-output\PolicyUnitTest1.dll'
TpTrace Information: 0 : 31068, 1, 2022/02/10, 23:24:32.104, 1384829841286, vstest.console.dll, Determined framework for all sources: .NETCoreApp,Version=v3.1
TpTrace Information: 0 : 31068, 1, 2022/02/10, 23:24:32.105, 1384829850170, vstest.console.dll, AssemblyMetadataProvider.GetArchitecture: Determined architecture:AnyCPU info for assembly: C:\Users\2048648\Downloads\Policy Microservice (1)\Policy Microservice\PolicyUnitTest\PolicyUnitTest\bin\Debug\netcoreapp3.1\fine-code-coverage\build-output\PolicyUnitTest1.dll
TpTrace Information: 0 : 31068, 1, 2022/02/10, 23:24:32.109, 1384829888025, vstest.console.dll, Determined platform for all sources: X64
TpTrace Information: 0 : 31068, 1, 2022/02/10, 23:24:32.114, 1384829939889, vstest.console.dll, Compatible sources list : 
TpTrace Information: 0 : 31068, 1, 2022/02/10, 23:24:32.114, 1384829942570, vstest.console.dll, C:\Users\2048648\Downloads\Policy Microservice (1)\Policy Microservice\PolicyUnitTest\PolicyUnitTest\bin\Debug\netcoreapp3.1\fine-code-coverage\build-output\PolicyUnitTest1.dll
TpTrace Information: 0 : 31068, 1, 2022/02/10, 23:24:32.119, 1384829986109, vstest.console.dll, InferRunSettingsHelper.IsTestSettingsEnabled: Unable to navigate to RunSettings/MSTest. Current node: RunSettings
TpTrace Information: 0 : 31068, 1, 2022/02/10, 23:24:32.120, 1384830001128, vstest.console.dll, AssemblyResolver.OnResolve: Microsoft.VisualStudio.TestPlatform.Fakes: Resolving assembly.
TpTrace Information: 0 : 31068, 1, 2022/02/10, 23:24:32.120, 1384830003441, vstest.console.dll, AssemblyResolver.OnResolve: Microsoft.VisualStudio.TestPlatform.Fakes: Searching in: 'C:\Program Files\dotnet\sdk\5.0.405\Extensions'.
TpTrace Information: 0 : 31068, 1, 2022/02/10, 23:24:32.121, 1384830006086, vstest.console.dll, AssemblyResolver.OnResolve: Microsoft.VisualStudio.TestPlatform.Fakes: Assembly path does not exist: 'C:\Program Files\dotnet\sdk\5.0.405\Extensions\Microsoft.VisualStudio.TestPlatform.Fakes.dll', returning.
TpTrace Information: 0 : 31068, 1, 2022/02/10, 23:24:32.121, 1384830008191, vstest.console.dll, AssemblyResolver.OnResolve: Microsoft.VisualStudio.TestPlatform.Fakes: Assembly path does not exist: 'C:\Program Files\dotnet\sdk\5.0.405\Extensions\Microsoft.VisualStudio.TestPlatform.Fakes.exe', returning.
TpTrace Information: 0 : 31068, 1, 2022/02/10, 23:24:32.121, 1384830009699, vstest.console.dll, AssemblyResolver.OnResolve: Microsoft.VisualStudio.TestPlatform.Fakes: Searching in: 'C:\Program Files\dotnet\sdk\5.0.405'.
TpTrace Information: 0 : 31068, 1, 2022/02/10, 23:24:32.121, 1384830011880, vstest.console.dll, AssemblyResolver.OnResolve: Microsoft.VisualStudio.TestPlatform.Fakes: Assembly path does not exist: 'C:\Program Files\dotnet\sdk\5.0.405\Microsoft.VisualStudio.TestPlatform.Fakes.dll', returning.
TpTrace Information: 0 : 31068, 1, 2022/02/10, 23:24:32.121, 1384830014273, vstest.console.dll, AssemblyResolver.OnResolve: Microsoft.VisualStudio.TestPlatform.Fakes: Assembly path does not exist: 'C:\Program Files\dotnet\sdk\5.0.405\Microsoft.VisualStudio.TestPlatform.Fakes.exe', returning.
TpTrace Information: 0 : 31068, 1, 2022/02/10, 23:24:32.122, 1384830015674, vstest.console.dll, AssemblyResolver.OnResolve: Microsoft.VisualStudio.TestPlatform.Fakes: Failed to load assembly.
TpTrace Information: 0 : 31068, 1, 2022/02/10, 23:24:32.122, 1384830024142, vstest.console.dll, Failed to create newly implemented Fakes Configurator. Reason:System.IO.FileNotFoundException: Could not load file or assembly 'Microsoft.VisualStudio.TestPlatform.Fakes, Version=16.0.0.0, Culture=neutral, PublicKeyToken=null'. The system cannot find the file specified.
File name: 'Microsoft.VisualStudio.TestPlatform.Fakes, Version=16.0.0.0, Culture=neutral, PublicKeyToken=null'
   at System.Reflection.RuntimeAssembly.InternalLoad(ObjectHandleOnStack assemblyName, ObjectHandleOnStack requestingAssembly, StackCrawlMarkHandle stackMark, Boolean throwOnFileNotFound, ObjectHandleOnStack assemblyLoadContext, ObjectHandleOnStack retAssembly)
   at System.Reflection.RuntimeAssembly.InternalLoad(AssemblyName assemblyName, RuntimeAssembly requestingAssembly, StackCrawlMark& stackMark, Boolean throwOnFileNotFound, AssemblyLoadContext assemblyLoadContext)
   at System.Reflection.Assembly.Load(AssemblyName assemblyRef)
   at Microsoft.VisualStudio.TestPlatform.Common.Utilities.FakesUtilities.TryGetFakesCrossPlatformDataCollectorConfigurator() 
TpTrace Verbose: 0 : 31068, 1, 2022/02/10, 23:24:32.196, 1384830764561, vstest.console.dll, TestPluginCache.DiscoverTestExtensions: finding test extensions in assemblies ends with: TestLogger.dll TPluginInfo: Microsoft.VisualStudio.TestPlatform.Common.ExtensionFramework.Utilities.TestLoggerPluginInformation TExtension: Microsoft.VisualStudio.TestPlatform.ObjectModel.Client.ITestLogger
TpTrace Verbose: 0 : 31068, 1, 2022/02/10, 23:24:32.197, 1384830767154, vstest.console.dll, TestPluginCache.GetExtensionPaths: Filtered extension paths: 
TpTrace Verbose: 0 : 31068, 1, 2022/02/10, 23:24:32.197, 1384830768697, vstest.console.dll, TestPluginCache.GetExtensionPaths: Added default extension paths: C:\Program Files\dotnet\sdk\5.0.405\Extensions\Microsoft.Diagnostics.NETCore.Client.dll
C:\Program Files\dotnet\sdk\5.0.405\Extensions\Microsoft.TestPlatform.Extensions.BlameDataCollector.dll
C:\Program Files\dotnet\sdk\5.0.405\Extensions\Microsoft.TestPlatform.Extensions.EventLogCollector.dll
C:\Program Files\dotnet\sdk\5.0.405\Extensions\Microsoft.TestPlatform.TestHostRuntimeProvider.dll
C:\Program Files\dotnet\sdk\5.0.405\Extensions\Microsoft.VisualStudio.TestPlatform.Extensions.Html.TestLogger.dll
C:\Program Files\dotnet\sdk\5.0.405\Extensions\Microsoft.VisualStudio.TestPlatform.Extensions.Trx.TestLogger.dll
TpTrace Verbose: 0 : 31068, 1, 2022/02/10, 23:24:32.197, 1384830770193, vstest.console.dll, TestPluginCache.GetExtensionPaths: Added unfilterableExtensionPaths: 
TpTrace Information: 0 : 31068, 1, 2022/02/10, 23:24:32.197, 1384830773675, vstest.console.dll, AssemblyResolver.AddSearchDirectories: Adding more searchDirectories C:\Program Files\dotnet\sdk\5.0.405\Extensions,C:\Program Files\dotnet\sdk\5.0.405
TpTrace Verbose: 0 : 31068, 1, 2022/02/10, 23:24:32.198, 1384830775453, vstest.console.dll, TestPluginCache.DiscoverTestExtensions: Discovering the extensions using extension path.
TpTrace Verbose: 0 : 31068, 1, 2022/02/10, 23:24:32.198, 1384830778429, vstest.console.dll, TestPluginCache.GetExtensionPaths: Filtered extension paths: 
TpTrace Verbose: 0 : 31068, 1, 2022/02/10, 23:24:32.198, 1384830779887, vstest.console.dll, TestPluginCache.GetExtensionPaths: Added default extension paths: C:\Program Files\dotnet\sdk\5.0.405\Extensions\Microsoft.Diagnostics.NETCore.Client.dll
C:\Program Files\dotnet\sdk\5.0.405\Extensions\Microsoft.TestPlatform.Extensions.BlameDataCollector.dll
C:\Program Files\dotnet\sdk\5.0.405\Extensions\Microsoft.TestPlatform.Extensions.EventLogCollector.dll
C:\Program Files\dotnet\sdk\5.0.405\Extensions\Microsoft.TestPlatform.TestHostRuntimeProvider.dll
C:\Program Files\dotnet\sdk\5.0.405\Extensions\Microsoft.VisualStudio.TestPlatform.Extensions.Html.TestLogger.dll
C:\Program Files\dotnet\sdk\5.0.405\Extensions\Microsoft.VisualStudio.TestPlatform.Extensions.Trx.TestLogger.dll
TpTrace Verbose: 0 : 31068, 1, 2022/02/10, 23:24:32.198, 1384830781227, vstest.console.dll, TestPluginCache.GetExtensionPaths: Added unfilterableExtensionPaths: 
TpTrace Verbose: 0 : 31068, 1, 2022/02/10, 23:24:32.198, 1384830782616, vstest.console.dll, TestPluginCache.DiscoverTestExtensions: Discovering the extensions using allExtensionPaths: C:\Program Files\dotnet\sdk\5.0.405\Extensions\Microsoft.Diagnostics.NETCore.Client.dll
C:\Program Files\dotnet\sdk\5.0.405\Extensions\Microsoft.TestPlatform.Extensions.BlameDataCollector.dll
C:\Program Files\dotnet\sdk\5.0.405\Extensions\Microsoft.TestPlatform.Extensions.EventLogCollector.dll
C:\Program Files\dotnet\sdk\5.0.405\Extensions\Microsoft.TestPlatform.TestHostRuntimeProvider.dll
C:\Program Files\dotnet\sdk\5.0.405\Extensions\Microsoft.VisualStudio.TestPlatform.Extensions.Html.TestLogger.dll
C:\Program Files\dotnet\sdk\5.0.405\Extensions\Microsoft.VisualStudio.TestPlatform.Extensions.Trx.TestLogger.dll
TpTrace Information: 0 : 31068, 1, 2022/02/10, 23:24:32.198, 1384830784387, vstest.console.dll, AssemblyResolver.AddSearchDirectories: Adding more searchDirectories C:\Program Files\dotnet\sdk\5.0.405\Extensions,C:\Program Files\dotnet\sdk\5.0.405
TpTrace Information: 0 : 31068, 1, 2022/02/10, 23:24:32.199, 1384830785892, vstest.console.dll, AssemblyResolver.AddSearchDirectories: Adding more searchDirectories C:\Program Files\dotnet\sdk\5.0.405\Extensions,C:\Program Files\dotnet\sdk\5.0.405
TpTrace Information: 0 : 31068, 1, 2022/02/10, 23:24:32.199, 1384830787334, vstest.console.dll, AssemblyResolver.AddSearchDirectories: Adding more searchDirectories C:\Program Files\dotnet\sdk\5.0.405\Extensions,C:\Program Files\dotnet\sdk\5.0.405
TpTrace Information: 0 : 31068, 1, 2022/02/10, 23:24:32.199, 1384830788771, vstest.console.dll, AssemblyResolver.AddSearchDirectories: Adding more searchDirectories C:\Program Files\dotnet\sdk\5.0.405\Extensions,C:\Program Files\dotnet\sdk\5.0.405
TpTrace Information: 0 : 31068, 1, 2022/02/10, 23:24:32.199, 1384830790299, vstest.console.dll, AssemblyResolver.AddSearchDirectories: Adding more searchDirectories C:\Program Files\dotnet\sdk\5.0.405\Extensions,C:\Program Files\dotnet\sdk\5.0.405
TpTrace Information: 0 : 31068, 1, 2022/02/10, 23:24:32.199, 1384830791670, vstest.console.dll, AssemblyResolver.AddSearchDirectories: Adding more searchDirectories C:\Program Files\dotnet\sdk\5.0.405\Extensions,C:\Program Files\dotnet\sdk\5.0.405
TpTrace Information: 0 : 31068, 1, 2022/02/10, 23:24:32.200, 1384830797498, vstest.console.dll, AssemblyResolver.OnResolve: Microsoft.Bcl.AsyncInterfaces: Resolving assembly.
TpTrace Information: 0 : 31068, 1, 2022/02/10, 23:24:32.200, 1384830799158, vstest.console.dll, AssemblyResolver.OnResolve: Microsoft.Bcl.AsyncInterfaces: Resolved from cache.
TpTrace Verbose: 0 : 31068, 1, 2022/02/10, 23:24:32.200, 1384830800646, vstest.console.dll, CurrentDomainAssemblyResolve: Resolving assembly 'Microsoft.Bcl.AsyncInterfaces'.
TpTrace Information: 0 : 31068, 1, 2022/02/10, 23:24:32.200, 1384830802649, vstest.console.dll, AssemblyResolver.OnResolve: Microsoft.Bcl.AsyncInterfaces: Resolving assembly.
TpTrace Information: 0 : 31068, 1, 2022/02/10, 23:24:32.200, 1384830804037, vstest.console.dll, AssemblyResolver.OnResolve: Microsoft.Bcl.AsyncInterfaces: Resolved from cache.
TpTrace Verbose: 0 : 31068, 1, 2022/02/10, 23:24:32.201, 1384830805458, vstest.console.dll, CurrentDomainAssemblyResolve: Resolving assembly 'Microsoft.Bcl.AsyncInterfaces'.
TpTrace Verbose: 0 : 31068, 1, 2022/02/10, 23:24:32.201, 1384830806820, vstest.console.dll, CurrentDomainAssemblyResolve: Failed to resolve assembly 'Microsoft.Bcl.AsyncInterfaces'.
TpTrace Verbose: 0 : 31068, 1, 2022/02/10, 23:24:32.201, 1384830811337, vstest.console.dll, CurrentDomainAssemblyResolve: Failed to resolve assembly 'Microsoft.Bcl.AsyncInterfaces'.
TpTrace Warning: 0 : 31068, 1, 2022/02/10, 23:24:32.202, 1384830819893, vstest.console.dll, TestPluginDiscoverer: Failed to get types from assembly 'Microsoft.Diagnostics.NETCore.Client, Version=0.2.2.41902, Culture=neutral, PublicKeyToken=31bf3856ad364e35'.  Skipping test extension scan for this assembly.  Error: System.Reflection.ReflectionTypeLoadException: Unable to load one or more of the requested types.
Could not load file or assembly 'Microsoft.Bcl.AsyncInterfaces, Version=1.0.0.0, Culture=neutral, PublicKeyToken=cc7b13ffcd2ddd51'. The system cannot find the file specified.
   at System.Reflection.RuntimeModule.GetTypes(RuntimeModule module)
   at System.Reflection.RuntimeModule.GetTypes()
   at System.Reflection.Assembly.GetTypes()
   at Microsoft.VisualStudio.TestPlatform.Common.ExtensionFramework.TestPluginDiscoverer.GetTestExtensionsFromAssembly[TPluginInfo,TExtension](Assembly assembly, Dictionary`2 pluginInfos)
System.IO.FileNotFoundException: Could not load file or assembly 'Microsoft.Bcl.AsyncInterfaces, Version=1.0.0.0, Culture=neutral, PublicKeyToken=cc7b13ffcd2ddd51'. The system cannot find the file specified.
File name: 'Microsoft.Bcl.AsyncInterfaces, Version=1.0.0.0, Culture=neutral, PublicKeyToken=cc7b13ffcd2ddd51'
TpTrace Warning: 0 : 31068, 1, 2022/02/10, 23:24:32.202, 1384830821873, vstest.console.dll, LoaderExceptions: System.IO.FileNotFoundException: Could not load file or assembly 'Microsoft.Bcl.AsyncInterfaces, Version=1.0.0.0, Culture=neutral, PublicKeyToken=cc7b13ffcd2ddd51'. The system cannot find the file specified.
File name: 'Microsoft.Bcl.AsyncInterfaces, Version=1.0.0.0, Culture=neutral, PublicKeyToken=cc7b13ffcd2ddd51'
TpTrace Verbose: 0 : 31068, 1, 2022/02/10, 23:24:32.203, 1384830830657, vstest.console.dll, TestPluginCache: Discovered the extensions using extension path ''.
TpTrace Verbose: 0 : 31068, 1, 2022/02/10, 23:24:32.203, 1384830832310, vstest.console.dll, TestPluginCache: Discoverers are ''.
TpTrace Verbose: 0 : 31068, 1, 2022/02/10, 23:24:32.203, 1384830833676, vstest.console.dll, TestPluginCache: Executors are ''.
TpTrace Verbose: 0 : 31068, 1, 2022/02/10, 23:24:32.203, 1384830835011, vstest.console.dll, TestPluginCache: Executors2 are ''.
TpTrace Verbose: 0 : 31068, 1, 2022/02/10, 23:24:32.204, 1384830836307, vstest.console.dll, TestPluginCache: Setting providers are ''.
TpTrace Verbose: 0 : 31068, 1, 2022/02/10, 23:24:32.204, 1384830838377, vstest.console.dll, TestPluginCache: Loggers are 'logger://Microsoft/TestPlatform/Extensions/Blame/v1,logger://Microsoft/TestPlatform/HtmlLogger/v1,logger://Microsoft/TestPlatform/TrxLogger/v1'.
TpTrace Information: 0 : 31068, 1, 2022/02/10, 23:24:32.205, 1384830851426, vstest.console.dll, TestPluginManager.CreateTestExtension: Attempting to load test extension: Microsoft.TestPlatform.Extensions.BlameDataCollector.BlameLogger
TpTrace Information: 0 : 31068, 1, 2022/02/10, 23:24:32.222, 1384831023059, vstest.console.dll, TestPluginManager.CreateTestExtension: Attempting to load test extension: Microsoft.VisualStudio.TestPlatform.CrossPlatEngine.Hosting.DefaultTestHostManager
TpTrace Information: 0 : 31068, 1, 2022/02/10, 23:24:32.223, 1384831029115, vstest.console.dll, TestPluginManager.CreateTestExtension: Attempting to load test extension: Microsoft.VisualStudio.TestPlatform.CrossPlatEngine.Hosting.DotnetTestHostManager
TpTrace Verbose: 0 : 31068, 1, 2022/02/10, 23:24:32.224, 1384831041469, vstest.console.dll, TestEngine: Initializing Parallel Execution as MaxCpuCount is set to: 1
TpTrace Information: 0 : 31068, 1, 2022/02/10, 23:24:32.225, 1384831052005, vstest.console.dll, InferRunSettingsHelper.IsTestSettingsEnabled: Unable to navigate to RunSettings/MSTest. Current node: RunSettings
TpTrace Verbose: 0 : 31068, 1, 2022/02/10, 23:24:32.247, 1384831271148, vstest.console.dll, TestRequestSender is acting as server
TpTrace Verbose: 0 : 31068, 4, 2022/02/10, 23:24:32.267, 1384831470273, vstest.console.dll, DataCollectionRequestSender.InitializeCommunication : Initialize communication. 
TpTrace Information: 0 : 31068, 4, 2022/02/10, 23:24:32.283, 1384831628660, vstest.console.dll, Listening on Endpoint : 127.0.0.1:59793
TpTrace Verbose: 0 : 31068, 4, 2022/02/10, 23:24:32.386, 1384832658371, vstest.console.dll, DotnetDataCollectionLauncher: Full path of dotnet.exe is C:\Program Files\dotnet\dotnet.exe
TpTrace Verbose: 0 : 31068, 4, 2022/02/10, 23:24:32.386, 1384832662548, vstest.console.dll, DotnetDataCollectionLauncher: Adding  --runtimeconfig "C:\Program Files\dotnet\sdk\5.0.405\datacollector.runtimeconfig.json" in args
TpTrace Verbose: 0 : 31068, 4, 2022/02/10, 23:24:32.387, 1384832665592, vstest.console.dll, DotnetDataCollectionLauncher: Adding  --depsfile "C:\Program Files\dotnet\sdk\5.0.405\datacollector.deps.json" in args
TpTrace Information: 0 : 31068, 4, 2022/02/10, 23:24:32.611, 1384834913763, vstest.console.dll, ProxyDataCollectionManager.Initialize: Launched datacollector processId: 18296 port: 59793
TpTrace Information: 0 : 31068, 4, 2022/02/10, 23:24:32.612, 1384834916940, vstest.console.dll, ProxyDataCollectionManager.Initialize: waiting for connection with timeout: 90 seconds
TpTrace Verbose: 0 : 31068, 4, 2022/02/10, 23:24:32.612, 1384834918874, vstest.console.dll, DataCollectionRequestSender.WaitForRequestHandlerConnection : Waiting for connection with timeout: 90000
TpTrace Information: 0 : 31068, 8, 2022/02/10, 23:24:33.696, 1384845761930, vstest.console.dll, Using the buffer size of 16384 bytes
TpTrace Verbose: 0 : 31068, 4, 2022/02/10, 23:24:33.696, 1384845762592, vstest.console.dll, ProxyDataCollectionManager.InvokeDataCollectionServiceAction: Starting.
TpTrace Information: 0 : 31068, 8, 2022/02/10, 23:24:33.696, 1384845764028, vstest.console.dll, Accepted Client request and set the flag
TpTrace Information: 0 : 31068, 4, 2022/02/10, 23:24:33.697, 1384845765888, vstest.console.dll, ProxyDataCollectionManager.BeforeTestRunStart: Get environment variable and port for datacollector processId: 18296 port: 59793
TpTrace Verbose: 0 : 31068, 4, 2022/02/10, 23:24:33.697, 1384845768987, vstest.console.dll, DataCollectionRequestSender.SendBeforeTestRunStartAndGetResult : Send BeforeTestRunStart message with settingsXml <RunSettings><RunConfiguration><ResultsDirectory>C:\Users\2048648\Downloads\Policy Microservice (1)\Policy Microservice\PolicyUnitTest\PolicyUnitTest\bin\Debug\netcoreapp3.1\fine-code-coverage\coverage-tool-output</ResultsDirectory><TargetPlatform>X64</TargetPlatform><TargetFrameworkVersion>.NETCoreApp,Version=v3.1</TargetFrameworkVersion><DesignMode>False</DesignMode><CollectSourceInformation>False</CollectSourceInformation><TestAdaptersPaths>C:\Program Files\dotnet\sdk\5.0.405\Extensions</TestAdaptersPaths></RunConfiguration><LoggerRunSettings><Loggers><Logger friendlyName="blame" enabled="True" /><Logger friendlyName="Console" uri="logger://microsoft/TestPlatform/ConsoleLogger/v1" assemblyQualifiedName="Microsoft.VisualStudio.TestPlatform.CommandLine.Internal.ConsoleLogger, vstest.console, Version=15.0.0.0, Culture=neutral, PublicKeyToken=b03f5f7f11d50a3a" codeBase="C:\Program Files\dotnet\sdk\5.0.405\vstest.console.dll" enabled="True" /></Loggers></LoggerRunSettings><DataCollectionRunSettings><DataCollectors><DataCollector friendlyName="blame" enabled="True"><Configuration><ResultsDirectory>C:\Users\2048648\Downloads\Policy Microservice (1)\Policy Microservice\PolicyUnitTest\PolicyUnitTest\bin\Debug\netcoreapp3.1\fine-code-coverage\coverage-tool-output</ResultsDirectory></Configuration></DataCollector></DataCollectors></DataCollectionRunSettings></RunSettings> and sources System.Linq.Enumerable+Concat2Iterator`1[System.String]: 
TpTrace Verbose: 0 : 31068, 4, 2022/02/10, 23:24:33.928, 1384848082351, vstest.console.dll, DataCollectionRequestSender.SendBeforeTestRunStartAndGetResult : Received message: (DataCollection.SendMessage) -> {
  "FriendlyName": null,
  "Uri": null,
  "TestCaseId": "00000000-0000-0000-0000-000000000000",
  "Message": "Logging DataCollector Diagnostics in file: C:\\Users\\2048648\\Downloads\\Policy Microservice (1)\\Policy Microservice\\PolicyUnitTest\\PolicyUnitTest\\bin\\Debug\\netcoreapp3.1\\fine-code-coverage\\coverage-tool-output\\diagnostics.datacollector.22-02-10_23-24-32_32321_4.log",
  "Level": 0
}
TpTrace Verbose: 0 : 31068, 4, 2022/02/10, 23:24:34.785, 1384856645408, vstest.console.dll, DataCollectionRequestSender.SendBeforeTestRunStartAndGetResult : Received message: (DataCollection.BeforeTestRunStartResult) -> {
  "EnvironmentVariables": {},
  "DataCollectionEventsPort": 59796
}
TpTrace Information: 0 : 31068, 4, 2022/02/10, 23:24:34.797, 1384856767559, vstest.console.dll, ProxyDataCollectionManager.BeforeTestRunStart: SendBeforeTestRunStartAndGetResult successful, env variable from datacollector:   and testhost port: 59796
TpTrace Information: 0 : 31068, 4, 2022/02/10, 23:24:34.797, 1384856770107, vstest.console.dll, ProxyDataCollectionManager.InvokeDataCollectionServiceAction: Completed.
TpTrace Verbose: 0 : 31068, 1, 2022/02/10, 23:24:34.797, 1384856772966, vstest.console.dll, TestRunRequest.ExecuteAsync: Creating test run request.
TpTrace Verbose: 0 : 31068, 1, 2022/02/10, 23:24:34.798, 1384856779445, vstest.console.dll, TestRunRequest.ExecuteAsync: Starting.
TpTrace Information: 0 : 31068, 1, 2022/02/10, 23:24:34.799, 1384856785563, vstest.console.dll, TestRunRequest.ExecuteAsync: Starting run with settings:TestRunCriteria:
   KeepAlive=False,FrequencyOfRunStatsChangeEvent=10,RunStatsChangeEventTimeout=00:00:01.5000000,TestCaseFilter=,TestExecutorLauncher=
   Settingsxml=<RunSettings>
  <RunConfiguration>
    <ResultsDirectory>C:\Users\2048648\Downloads\Policy Microservice (1)\Policy Microservice\PolicyUnitTest\PolicyUnitTest\bin\Debug\netcoreapp3.1\fine-code-coverage\coverage-tool-output</ResultsDirectory>
    <TargetPlatform>X64</TargetPlatform>
    <TargetFrameworkVersion>.NETCoreApp,Version=v3.1</TargetFrameworkVersion>
    <DesignMode>False</DesignMode>
    <CollectSourceInformation>False</CollectSourceInformation>
  </RunConfiguration>
  <LoggerRunSettings>
    <Loggers>
      <Logger friendlyName="blame" enabled="True" />
      <Logger friendlyName="Console" uri="logger://microsoft/TestPlatform/ConsoleLogger/v1" assemblyQualifiedName="Microsoft.VisualStudio.TestPlatform.CommandLine.Internal.ConsoleLogger, vstest.console, Version=15.0.0.0, Culture=neutral, PublicKeyToken=b03f5f7f11d50a3a" codeBase="C:\Program Files\dotnet\sdk\5.0.405\vstest.console.dll" enabled="True" />
    </Loggers>
  </LoggerRunSettings>
  <DataCollectionRunSettings>
    <DataCollectors>
      <DataCollector friendlyName="blame" enabled="True">
        <Configuration>
          <ResultsDirectory>C:\Users\2048648\Downloads\Policy Microservice (1)\Policy Microservice\PolicyUnitTest\PolicyUnitTest\bin\Debug\netcoreapp3.1\fine-code-coverage\coverage-tool-output</ResultsDirectory>
        </Configuration>
      </DataCollector>
    </DataCollectors>
  </DataCollectionRunSettings>
</RunSettings>

TpTrace Verbose: 0 : 31068, 1, 2022/02/10, 23:24:34.799, 1384856787146, vstest.console.dll, TestRunRequest.ExecuteAsync: Wait for the first run request is over.
TpTrace Verbose: 0 : 31068, 1, 2022/02/10, 23:24:34.800, 1384856795752, vstest.console.dll, ParallelProxyExecutionManager: Start execution. Total sources: 1
TpTrace Information: 0 : 31068, 1, 2022/02/10, 23:24:34.801, 1384856806866, vstest.console.dll, ProxyParallelExecutionManager: Triggering test run for next source: C:\Users\2048648\Downloads\Policy Microservice (1)\Policy Microservice\PolicyUnitTest\PolicyUnitTest\bin\Debug\netcoreapp3.1\fine-code-coverage\build-output\PolicyUnitTest1.dll
TpTrace Verbose: 0 : 31068, 1, 2022/02/10, 23:24:34.801, 1384856811378, vstest.console.dll, ProxyParallelExecutionManager: No sources available for execution.
TpTrace Information: 0 : 31068, 1, 2022/02/10, 23:24:34.801, 1384856812858, vstest.console.dll, TestRunRequest.ExecuteAsync: Started.
TpTrace Verbose: 0 : 31068, 1, 2022/02/10, 23:24:34.801, 1384856814707, vstest.console.dll, TestRunRequest.WaitForCompletion: Waiting with timeout -1.
TpTrace Verbose: 0 : 31068, 10, 2022/02/10, 23:24:34.814, 1384856942771, vstest.console.dll, ParallelProxyExecutionManager: Execution started. Started clients: 1
TpTrace Verbose: 0 : 31068, 10, 2022/02/10, 23:24:34.815, 1384856951370, vstest.console.dll, TestRunRequest:SendTestRunMessage: Starting.
TpTrace Information: 0 : 31068, 10, 2022/02/10, 23:24:34.816, 1384856955839, vstest.console.dll, TestRunRequest:SendTestRunMessage: Completed.
TpTrace Verbose: 0 : 31068, 10, 2022/02/10, 23:24:34.816, 1384856961257, vstest.console.dll, ProxyExecutionManager: Test host is always Lazy initialize.
TpTrace Verbose: 0 : 31068, 10, 2022/02/10, 23:24:34.817, 1384856966479, vstest.console.dll, TestRequestSender.InitializeCommunication: initialize communication. 
TpTrace Information: 0 : 31068, 10, 2022/02/10, 23:24:34.818, 1384856975846, vstest.console.dll, SocketServer.Start: Listening on endpoint : 127.0.0.1:59797
TpTrace Verbose: 0 : 31068, 10, 2022/02/10, 23:24:34.819, 1384856989362, vstest.console.dll, DotnetTestHostmanager: Adding  --runtimeconfig "C:\Users\2048648\Downloads\Policy Microservice (1)\Policy Microservice\PolicyUnitTest\PolicyUnitTest\bin\Debug\netcoreapp3.1\fine-code-coverage\build-output\PolicyUnitTest1.runtimeconfig.json" in args
TpTrace Verbose: 0 : 31068, 10, 2022/02/10, 23:24:34.819, 1384856992551, vstest.console.dll, DotnetTestHostmanager: Adding  --depsfile "C:\Users\2048648\Downloads\Policy Microservice (1)\Policy Microservice\PolicyUnitTest\PolicyUnitTest\bin\Debug\netcoreapp3.1\fine-code-coverage\build-output\PolicyUnitTest1.deps.json" in args
TpTrace Verbose: 0 : 31068, 10, 2022/02/10, 23:24:34.820, 1384856997665, vstest.console.dll, DotnetTestHostManager: Testhost.exe/testhost.x86.exe found at path: C:\Users\2048648\Downloads\Policy Microservice (1)\Policy Microservice\PolicyUnitTest\PolicyUnitTest\bin\Debug\netcoreapp3.1\fine-code-coverage\build-output\testhost.exe
TpTrace Verbose: 0 : 31068, 10, 2022/02/10, 23:24:34.820, 1384856999239, vstest.console.dll, DotnetTestHostmanager: Full path of host exe is C:\Users\2048648\Downloads\Policy Microservice (1)\Policy Microservice\PolicyUnitTest\PolicyUnitTest\bin\Debug\netcoreapp3.1\fine-code-coverage\build-output\testhost.exe
TpTrace Verbose: 0 : 31068, 11, 2022/02/10, 23:24:34.829, 1384857085918, vstest.console.dll, DotnetTestHostManager: Starting process 'C:\Users\2048648\Downloads\Policy Microservice (1)\Policy Microservice\PolicyUnitTest\PolicyUnitTest\bin\Debug\netcoreapp3.1\fine-code-coverage\build-output\testhost.exe' with command line ' --runtimeconfig "C:\Users\2048648\Downloads\Policy Microservice (1)\Policy Microservice\PolicyUnitTest\PolicyUnitTest\bin\Debug\netcoreapp3.1\fine-code-coverage\build-output\PolicyUnitTest1.runtimeconfig.json" --depsfile "C:\Users\2048648\Downloads\Policy Microservice (1)\Policy Microservice\PolicyUnitTest\PolicyUnitTest\bin\Debug\netcoreapp3.1\fine-code-coverage\build-output\PolicyUnitTest1.deps.json" --port 59797 --endpoint 127.0.0.1:059797 --role client --parentprocessid 31068 --diag "C:\Users\2048648\Downloads\Policy Microservice (1)\Policy Microservice\PolicyUnitTest\PolicyUnitTest\bin\Debug\netcoreapp3.1\fine-code-coverage\coverage-tool-output\diagnostics.host.22-02-10_23-24-34_81877_10.log" --tracelevel 4 --datacollectionport 59796 --telemetryoptedin false'
TpTrace Verbose: 0 : 31068, 11, 2022/02/10, 23:24:34.967, 1384858467167, vstest.console.dll, Test Runtime launched
TpTrace Verbose: 0 : 31068, 10, 2022/02/10, 23:24:34.968, 1384858478214, vstest.console.dll, TestRequestSender.WaitForRequestHandlerConnection: waiting for connection with timeout: 90000
TpTrace Verbose: 0 : 31068, 4, 2022/02/10, 23:24:36.439, 1384873192894, vstest.console.dll, SocketServer.OnClientConnected: Client connected for endPoint: 127.0.0.1:59797, starting MessageLoopAsync:
TpTrace Verbose: 0 : 31068, 4, 2022/02/10, 23:24:36.441, 1384873213567, vstest.console.dll, TcpClientExtensions.MessageLoopAsync: Polling on remoteEndPoint: 127.0.0.1:59798 localEndPoint: 127.0.0.1:59797
TpTrace Verbose: 0 : 31068, 4, 2022/02/10, 23:24:37.091, 1384879713223, vstest.console.dll, TcpClientExtensions.MessageLoopAsync: NotifyDataAvailable remoteEndPoint: 127.0.0.1:59798 localEndPoint: 127.0.0.1:59797
TpTrace Verbose: 0 : 31068, 4, 2022/02/10, 23:24:37.092, 1384879717280, vstest.console.dll, TestRequestSender.CheckVersionWithTestHost: onMessageReceived received message: (ProtocolVersion) -> 5
TpTrace Verbose: 0 : 31068, 4, 2022/02/10, 23:24:37.092, 1384879724379, vstest.console.dll, TcpClientExtensions.MessageLoopAsync: Polling on remoteEndPoint: 127.0.0.1:59798 localEndPoint: 127.0.0.1:59797
TpTrace Verbose: 0 : 31068, 10, 2022/02/10, 23:24:37.093, 1384879726019, vstest.console.dll, TestPluginCache.GetExtensionPaths: Filtered extension paths: 
TpTrace Verbose: 0 : 31068, 10, 2022/02/10, 23:24:37.093, 1384879727490, vstest.console.dll, TestPluginCache.GetExtensionPaths: Added default extension paths: C:\Program Files\dotnet\sdk\5.0.405\Extensions\Microsoft.Diagnostics.NETCore.Client.dll
C:\Program Files\dotnet\sdk\5.0.405\Extensions\Microsoft.TestPlatform.Extensions.BlameDataCollector.dll
C:\Program Files\dotnet\sdk\5.0.405\Extensions\Microsoft.TestPlatform.Extensions.EventLogCollector.dll
C:\Program Files\dotnet\sdk\5.0.405\Extensions\Microsoft.TestPlatform.TestHostRuntimeProvider.dll
C:\Program Files\dotnet\sdk\5.0.405\Extensions\Microsoft.VisualStudio.TestPlatform.Extensions.Html.TestLogger.dll
C:\Program Files\dotnet\sdk\5.0.405\Extensions\Microsoft.VisualStudio.TestPlatform.Extensions.Trx.TestLogger.dll
TpTrace Verbose: 0 : 31068, 10, 2022/02/10, 23:24:37.093, 1384879728759, vstest.console.dll, TestPluginCache.GetExtensionPaths: Added unfilterableExtensionPaths: 
TpTrace Verbose: 0 : 31068, 10, 2022/02/10, 23:24:37.100, 1384879797157, vstest.console.dll, TestRequestSender.InitializeExecution: Sending initializing execution with message: {"Version":5,"MessageType":"TestExecution.Initialize","Payload":["C:\\Users\\2048648\\Downloads\\Policy Microservice (1)\\Policy Microservice\\PolicyUnitTest\\PolicyUnitTest\\bin\\Debug\\netcoreapp3.1\\fine-code-coverage\\build-output\\NUnit3.TestAdapter.dll"]}
TpTrace Verbose: 0 : 31068, 10, 2022/02/10, 23:24:37.114, 1384879944730, vstest.console.dll, TestRequestSender.StartTestRun: Sending test run with message: {"Version":5,"MessageType":"TestExecution.StartWithSources","Payload":{"AdapterSourceMap":{"_none_":["C:\\Users\\2048648\\Downloads\\Policy Microservice (1)\\Policy Microservice\\PolicyUnitTest\\PolicyUnitTest\\bin\\Debug\\netcoreapp3.1\\fine-code-coverage\\build-output\\PolicyUnitTest1.dll"]},"RunSettings":"<RunSettings>\r\n  <RunConfiguration>\r\n    <ResultsDirectory>C:\\Users\\2048648\\Downloads\\Policy Microservice (1)\\Policy Microservice\\PolicyUnitTest\\PolicyUnitTest\\bin\\Debug\\netcoreapp3.1\\fine-code-coverage\\coverage-tool-output</ResultsDirectory>\r\n    <TargetPlatform>X64</TargetPlatform>\r\n    <TargetFrameworkVersion>.NETCoreApp,Version=v3.1</TargetFrameworkVersion>\r\n    <DesignMode>False</DesignMode>\r\n    <CollectSourceInformation>False</CollectSourceInformation>\r\n  </RunConfiguration>\r\n  <LoggerRunSettings>\r\n    <Loggers>\r\n      <Logger friendlyName=\"blame\" enabled=\"True\" />\r\n      <Logger friendlyName=\"Console\" uri=\"logger://microsoft/TestPlatform/ConsoleLogger/v1\" assemblyQualifiedName=\"Microsoft.VisualStudio.TestPlatform.CommandLine.Internal.ConsoleLogger, vstest.console, Version=15.0.0.0, Culture=neutral, PublicKeyToken=b03f5f7f11d50a3a\" codeBase=\"C:\\Program Files\\dotnet\\sdk\\5.0.405\\vstest.console.dll\" enabled=\"True\" />\r\n    </Loggers>\r\n  </LoggerRunSettings>\r\n  <DataCollectionRunSettings>\r\n    <DataCollectors>\r\n      <DataCollector friendlyName=\"blame\" enabled=\"True\">\r\n        <Configuration>\r\n          <ResultsDirectory>C:\\Users\\2048648\\Downloads\\Policy Microservice (1)\\Policy Microservice\\PolicyUnitTest\\PolicyUnitTest\\bin\\Debug\\netcoreapp3.1\\fine-code-coverage\\coverage-tool-output</ResultsDirectory>\r\n        </Configuration>\r\n      </DataCollector>\r\n    </DataCollectors>\r\n  </DataCollectionRunSettings>\r\n</RunSettings>","TestExecutionContext":{"FrequencyOfRunStatsChangeEvent":10,"RunStatsChangeEventTimeout":"00:00:01.5000000","InIsolation":false,"KeepAlive":false,"AreTestCaseLevelEventsRequired":false,"IsDebug":false,"TestCaseFilter":null,"FilterOptions":null},"Package":null}}
TpTrace Verbose: 0 : 31068, 4, 2022/02/10, 23:24:37.140, 1384880201401, vstest.console.dll, TcpClientExtensions.MessageLoopAsync: NotifyDataAvailable remoteEndPoint: 127.0.0.1:59798 localEndPoint: 127.0.0.1:59797
TpTrace Verbose: 0 : 31068, 4, 2022/02/10, 23:24:37.141, 1384880205312, vstest.console.dll, TestRequestSender.OnExecutionMessageReceived: Received message: {"Version":5,"MessageType":"TestSession.Message","Payload":{"MessageLevel":0,"Message":"Logging TestHost Diagnostics in file: C:\\Users\\2048648\\Downloads\\Policy Microservice (1)\\Policy Microservice\\PolicyUnitTest\\PolicyUnitTest\\bin\\Debug\\netcoreapp3.1\\fine-code-coverage\\coverage-tool-output\\diagnostics.host.22-02-10_23-24-34_81877_10.log"}}
TpTrace Verbose: 0 : 31068, 4, 2022/02/10, 23:24:37.144, 1384880244660, vstest.console.dll, TestRunRequest:SendTestRunMessage: Starting.
TpTrace Information: 0 : 31068, 4, 2022/02/10, 23:24:37.145, 1384880247195, vstest.console.dll, TestRunRequest:SendTestRunMessage: Completed.
TpTrace Verbose: 0 : 31068, 4, 2022/02/10, 23:24:37.145, 1384880248544, vstest.console.dll, TcpClientExtensions.MessageLoopAsync: Polling on remoteEndPoint: 127.0.0.1:59798 localEndPoint: 127.0.0.1:59797
TpTrace Verbose: 0 : 31068, 4, 2022/02/10, 23:24:37.617, 1384884966756, vstest.console.dll, TcpClientExtensions.MessageLoopAsync: NotifyDataAvailable remoteEndPoint: 127.0.0.1:59798 localEndPoint: 127.0.0.1:59797
TpTrace Verbose: 0 : 31068, 4, 2022/02/10, 23:24:37.617, 1384884969161, vstest.console.dll, TestRequestSender.OnExecutionMessageReceived: Received message: {"Version":5,"MessageType":"TestSession.Message","Payload":{"MessageLevel":0,"Message":"NUnit Adapter 4.2.0.0: Test execution started"}}
TpTrace Verbose: 0 : 31068, 4, 2022/02/10, 23:24:37.617, 1384884973422, vstest.console.dll, TestRunRequest:SendTestRunMessage: Starting.
TpTrace Information: 0 : 31068, 4, 2022/02/10, 23:24:37.617, 1384884974969, vstest.console.dll, TestRunRequest:SendTestRunMessage: Completed.
TpTrace Verbose: 0 : 31068, 4, 2022/02/10, 23:24:37.618, 1384884976219, vstest.console.dll, TcpClientExtensions.MessageLoopAsync: Polling on remoteEndPoint: 127.0.0.1:59798 localEndPoint: 127.0.0.1:59797
TpTrace Verbose: 0 : 31068, 4, 2022/02/10, 23:24:37.740, 1384886197582, vstest.console.dll, TcpClientExtensions.MessageLoopAsync: NotifyDataAvailable remoteEndPoint: 127.0.0.1:59798 localEndPoint: 127.0.0.1:59797
TpTrace Verbose: 0 : 31068, 4, 2022/02/10, 23:24:37.740, 1384886200035, vstest.console.dll, TestRequestSender.OnExecutionMessageReceived: Received message: {"Version":5,"MessageType":"TestSession.Message","Payload":{"MessageLevel":0,"Message":"Running all tests in C:\\Users\\2048648\\Downloads\\Policy Microservice (1)\\Policy Microservice\\PolicyUnitTest\\PolicyUnitTest\\bin\\Debug\\netcoreapp3.1\\fine-code-coverage\\build-output\\PolicyUnitTest1.dll"}}
TpTrace Verbose: 0 : 31068, 4, 2022/02/10, 23:24:37.740, 1384886203583, vstest.console.dll, TestRunRequest:SendTestRunMessage: Starting.
TpTrace Information: 0 : 31068, 4, 2022/02/10, 23:24:37.741, 1384886205275, vstest.console.dll, TestRunRequest:SendTestRunMessage: Completed.
TpTrace Verbose: 0 : 31068, 4, 2022/02/10, 23:24:37.741, 1384886206607, vstest.console.dll, TcpClientExtensions.MessageLoopAsync: Polling on remoteEndPoint: 127.0.0.1:59798 localEndPoint: 127.0.0.1:59797
TpTrace Verbose: 0 : 31068, 4, 2022/02/10, 23:24:38.204, 1384890837009, vstest.console.dll, TcpClientExtensions.MessageLoopAsync: NotifyDataAvailable remoteEndPoint: 127.0.0.1:59798 localEndPoint: 127.0.0.1:59797
TpTrace Verbose: 0 : 31068, 4, 2022/02/10, 23:24:38.204, 1384890839435, vstest.console.dll, TestRequestSender.OnExecutionMessageReceived: Received message: {"Version":5,"MessageType":"TestSession.Message","Payload":{"MessageLevel":0,"Message":"   NUnit3TestExecutor discovered 14 of 14 NUnit test cases using Current Discovery mode, Non-Explicit run"}}
TpTrace Verbose: 0 : 31068, 4, 2022/02/10, 23:24:38.204, 1384890842260, vstest.console.dll, TestRunRequest:SendTestRunMessage: Starting.
TpTrace Information: 0 : 31068, 4, 2022/02/10, 23:24:38.204, 1384890843783, vstest.console.dll, TestRunRequest:SendTestRunMessage: Completed.
TpTrace Verbose: 0 : 31068, 4, 2022/02/10, 23:24:38.204, 1384890845050, vstest.console.dll, TcpClientExtensions.MessageLoopAsync: Polling on remoteEndPoint: 127.0.0.1:59798 localEndPoint: 127.0.0.1:59797
TpTrace Verbose: 0 : 31068, 4, 2022/02/10, 23:24:38.917, 1384897972263, vstest.console.dll, TcpClientExtensions.MessageLoopAsync: NotifyDataAvailable remoteEndPoint: 127.0.0.1:59798 localEndPoint: 127.0.0.1:59797
TpTrace Verbose: 0 : 31068, 4, 2022/02/10, 23:24:38.917, 1384897975018, vstest.console.dll, TestRequestSender.OnExecutionMessageReceived: Received message: {"Version":5,"MessageType":"TestExecution.StatsChange","Payload":{"NewTestResults":[{"TestCase":{"Id":"023938ae-f132-96ca-cbac-25261577080e","FullyQualifiedName":"PolicyTest.AvesControllerTest.DeleteRepositoryCase","DisplayName":"DeleteRepositoryCase","ExecutorUri":"executor://NUnit3TestExecutor","Source":"C:\\Users\\2048648\\Downloads\\Policy Microservice (1)\\Policy Microservice\\PolicyUnitTest\\PolicyUnitTest\\bin\\Debug\\netcoreapp3.1\\fine-code-coverage\\build-output\\PolicyUnitTest1.dll","CodeFilePath":null,"LineNumber":0,"Properties":[{"Key":{"Id":"NUnit.Seed","Label":"Seed","Category":"","Description":"","Attributes":0,"ValueType":"System.String"},"Value":"118744903"}]},"Attachments":[],"Outcome":1,"ErrorMessage":null,"ErrorStackTrace":null,"DisplayName":"DeleteRepositoryCase","Messages":[],"ComputerName":"LTIN344895","Duration":"00:00:00.0941540","StartTime":"2022-02-10T17:54:38.6877592+00:00","EndTime":"2022-02-10T17:54:38.7817317+00:00","Properties":[{"Key":{"Id":"NUnit.Seed","Label":"Seed","Category":"","Description":"","Attributes":0,"ValueType":"System.String"},"Value":"118744903"}]}],"TestRunStatistics":{"ExecutedTests":1,"Stats":{"Passed":1}},"ActiveTests":[{"Id":"c026d454-509a-f562-1d6c-4e13410e63f4","FullyQualifiedName":"PolicyTest.AvesControllerTest.DeleteServiceCase","DisplayName":"DeleteServiceCase","ExecutorUri":"executor://NUnit3TestExecutor","Source":"C:\\Users\\2048648\\Downloads\\Policy Microservice (1)\\Policy Microservice\\PolicyUnitTest\\PolicyUnitTest\\bin\\Debug\\netcoreapp3.1\\fine-code-coverage\\build-output\\PolicyUnitTest1.dll","CodeFilePath":null,"LineNumber":0,"Properties":[{"Key":{"Id":"NUnit.Seed","Label":"Seed","Category":"","Description":"","Attributes":0,"ValueType":"System.String"},"Value":"1308695172"}]}]}}
TpTrace Verbose: 0 : 31068, 4, 2022/02/10, 23:24:39.008, 1384898878903, vstest.console.dll, TestRunRequest:SendTestRunStatsChange: Starting.
TpTrace Verbose: 0 : 31068, 4, 2022/02/10, 23:24:39.008, 1384898881533, vstest.console.dll, InProgress is DeleteServiceCase
TpTrace Information: 0 : 31068, 4, 2022/02/10, 23:24:39.008, 1384898885072, vstest.console.dll, TestRunRequest:SendTestRunStatsChange: Completed.
TpTrace Verbose: 0 : 31068, 4, 2022/02/10, 23:24:39.009, 1384898886659, vstest.console.dll, TcpClientExtensions.MessageLoopAsync: Polling on remoteEndPoint: 127.0.0.1:59798 localEndPoint: 127.0.0.1:59797
TpTrace Verbose: 0 : 31068, 4, 2022/02/10, 23:24:39.247, 1384901271468, vstest.console.dll, TcpClientExtensions.MessageLoopAsync: NotifyDataAvailable remoteEndPoint: 127.0.0.1:59798 localEndPoint: 127.0.0.1:59797
TpTrace Verbose: 0 : 31068, 4, 2022/02/10, 23:24:39.248, 1384901275680, vstest.console.dll, TestRequestSender.OnExecutionMessageReceived: Received message: {"Version":5,"MessageType":"TestExecution.StatsChange","Payload":{"NewTestResults":[{"TestCase":{"Id":"c026d454-509a-f562-1d6c-4e13410e63f4","FullyQualifiedName":"PolicyTest.AvesControllerTest.DeleteServiceCase","DisplayName":"DeleteServiceCase","ExecutorUri":"executor://NUnit3TestExecutor","Source":"C:\\Users\\2048648\\Downloads\\Policy Microservice (1)\\Policy Microservice\\PolicyUnitTest\\PolicyUnitTest\\bin\\Debug\\netcoreapp3.1\\fine-code-coverage\\build-output\\PolicyUnitTest1.dll","CodeFilePath":null,"LineNumber":0,"Properties":[{"Key":{"Id":"NUnit.Seed","Label":"Seed","Category":"","Description":"","Attributes":0,"ValueType":"System.String"},"Value":"1308695172"}]},"Attachments":[],"Outcome":1,"ErrorMessage":null,"ErrorStackTrace":null,"DisplayName":"DeleteServiceCase","Messages":[],"ComputerName":"LTIN344895","Duration":"00:00:00.0060620","StartTime":"2022-02-10T17:54:38.8431182+00:00","EndTime":"2022-02-10T17:54:38.8491781+00:00","Properties":[{"Key":{"Id":"NUnit.Seed","Label":"Seed","Category":"","Description":"","Attributes":0,"ValueType":"System.String"},"Value":"1308695172"}]},{"TestCase":{"Id":"d6da3949-4a7d-6405-5fe8-827abf57da68","FullyQualifiedName":"PolicyTest.AvesControllerTest.GetById","DisplayName":"GetById","ExecutorUri":"executor://NUnit3TestExecutor","Source":"C:\\Users\\2048648\\Downloads\\Policy Microservice (1)\\Policy Microservice\\PolicyUnitTest\\PolicyUnitTest\\bin\\Debug\\netcoreapp3.1\\fine-code-coverage\\build-output\\PolicyUnitTest1.dll","CodeFilePath":null,"LineNumber":0,"Properties":[{"Key":{"Id":"NUnit.Seed","Label":"Seed","Category":"","Description":"","Attributes":0,"ValueType":"System.String"},"Value":"1919607671"}]},"Attachments":[],"Outcome":1,"ErrorMessage":null,"ErrorStackTrace":null,"DisplayName":"GetById","Messages":[],"ComputerName":"LTIN344895","Duration":"00:00:00.0053970","StartTime":"2022-02-10T17:54:38.8881964+00:00","EndTime":"2022-02-10T17:54:38.8935949+00:00","Properties":[{"Key":{"Id":"NUnit.Seed","Label":"Seed","Category":"","Description":"","Attributes":0,"ValueType":"System.String"},"Value":"1919607671"}]},{"TestCase":{"Id":"31b879af-e483-7a29-fb3e-b533c3a4b4f5","FullyQualifiedName":"PolicyTest.AvesControllerTest.GetRepositoryCase","DisplayName":"GetRepositoryCase","ExecutorUri":"executor://NUnit3TestExecutor","Source":"C:\\Users\\2048648\\Downloads\\Policy Microservice (1)\\Policy Microservice\\PolicyUnitTest\\PolicyUnitTest\\bin\\Debug\\netcoreapp3.1\\fine-code-coverage\\build-output\\PolicyUnitTest1.dll","CodeFilePath":null,"LineNumber":0,"Properties":[{"Key":{"Id":"NUnit.Seed","Label":"Seed","Category":"","Description":"","Attributes":0,"ValueType":"System.String"},"Value":"209948388"}]},"Attachments":[],"Outcome":1,"ErrorMessage":null,"ErrorStackTrace":null,"DisplayName":"GetRepositoryCase","Messages":[],"ComputerName":"LTIN344895","Duration":"00:00:00.0171949","StartTime":"2022-02-10T17:54:38.9352522+00:00","EndTime":"2022-02-10T17:54:38.952448+00:00","Properties":[{"Key":{"Id":"NUnit.Seed","Label":"Seed","Category":"","Description":"","Attributes":0,"ValueType":"System.String"},"Value":"209948388"}]},{"TestCase":{"Id":"4ec1fa1b-b9ed-7187-1d28-8f049e828a23","FullyQualifiedName":"PolicyTest.AvesControllerTest.GetServiceCase","DisplayName":"GetServiceCase","ExecutorUri":"executor://NUnit3TestExecutor","Source":"C:\\Users\\2048648\\Downloads\\Policy Microservice (1)\\Policy Microservice\\PolicyUnitTest\\PolicyUnitTest\\bin\\Debug\\netcoreapp3.1\\fine-code-coverage\\build-output\\PolicyUnitTest1.dll","CodeFilePath":null,"LineNumber":0,"Properties":[{"Key":{"Id":"NUnit.Seed","Label":"Seed","Category":"","Description":"","Attributes":0,"ValueType":"System.String"},"Value":"2115957311"}]},"Attachments":[],"Outcome":1,"ErrorMessage":null,"ErrorStackTrace":null,"DisplayName":"GetServiceCase","Messages":[],"ComputerName":"LTIN344895","Duration":"00:00:00.0016120","StartTime":"2022-02-10T17:54:39.0001624+00:00","EndTime":"2022-02-10T17:54:39.0017757+00:00","Properties":[{"Key":{"Id":"NUnit.Seed","Label":"Seed","Category":"","Description":"","Attributes":0,"ValueType":"System.String"},"Value":"2115957311"}]},{"TestCase":{"Id":"065f9725-888e-6f8d-1490-1e665d7b5dda","FullyQualifiedName":"PolicyTest.AvesControllerTest.ReturnValidAvesAdded_Is_Valid","DisplayName":"ReturnValidAvesAdded_Is_Valid","ExecutorUri":"executor://NUnit3TestExecutor","Source":"C:\\Users\\2048648\\Downloads\\Policy Microservice (1)\\Policy Microservice\\PolicyUnitTest\\PolicyUnitTest\\bin\\Debug\\netcoreapp3.1\\fine-code-coverage\\build-output\\PolicyUnitTest1.dll","CodeFilePath":null,"LineNumber":0,"Properties":[{"Key":{"Id":"NUnit.Seed","Label":"Seed","Category":"","Description":"","Attributes":0,"ValueType":"System.String"},"Value":"525331545"}]},"Attachments":[],"Outcome":1,"ErrorMessage":null,"ErrorStackTrace":null,"DisplayName":"ReturnValidAvesAdded_Is_Valid","Messages":[],"ComputerName":"LTIN344895","Duration":"00:00:00.0045820","StartTime":"2022-02-10T17:54:39.0415362+00:00","EndTime":"2022-02-10T17:54:39.0461186+00:00","Properties":[{"Key":{"Id":"NUnit.Seed","Label":"Seed","Category":"","Description":"","Attributes":0,"ValueType":"System.String"},"Value":"525331545"}]},{"TestCase":{"Id":"b91d8583-d552-d80a-4b16-7b2820aeb7da","FullyQualifiedName":"PolicyTest.AvesControllerTest.UpdateTest","DisplayName":"UpdateTest","ExecutorUri":"executor://NUnit3TestExecutor","Source":"C:\\Users\\2048648\\Downloads\\Policy Microservice (1)\\Policy Microservice\\PolicyUnitTest\\PolicyUnitTest\\bin\\Debug\\netcoreapp3.1\\fine-code-coverage\\build-output\\PolicyUnitTest1.dll","CodeFilePath":null,"LineNumber":0,"Properties":[{"Key":{"Id":"NUnit.Seed","Label":"Seed","Category":"","Description":"","Attributes":0,"ValueType":"System.String"},"Value":"1823702763"}]},"Attachments":[],"Outcome":1,"ErrorMessage":null,"ErrorStackTrace":null,"DisplayName":"UpdateTest","Messages":[],"ComputerName":"LTIN344895","Duration":"00:00:00.0013950","StartTime":"2022-02-10T17:54:39.0805598+00:00","EndTime":"2022-02-10T17:54:39.0819571+00:00","Properties":[{"Key":{"Id":"NUnit.Seed","Label":"Seed","Category":"","Description":"","Attributes":0,"ValueType":"System.String"},"Value":"1823702763"}]},{"TestCase":{"Id":"a64898d8-50c3-194e-2218-cb7b55b5753f","FullyQualifiedName":"PolicyTest.PolicyControllerTest.AddPolicyIsValid","DisplayName":"AddPolicyIsValid","ExecutorUri":"executor://NUnit3TestExecutor","Source":"C:\\Users\\2048648\\Downloads\\Policy Microservice (1)\\Policy Microservice\\PolicyUnitTest\\PolicyUnitTest\\bin\\Debug\\netcoreapp3.1\\fine-code-coverage\\build-output\\PolicyUnitTest1.dll","CodeFilePath":null,"LineNumber":0,"Properties":[{"Key":{"Id":"NUnit.Seed","Label":"Seed","Category":"","Description":"","Attributes":0,"ValueType":"System.String"},"Value":"187876865"}]},"Attachments":[],"Outcome":1,"ErrorMessage":null,"ErrorStackTrace":null,"DisplayName":"AddPolicyIsValid","Messages":[],"ComputerName":"LTIN344895","Duration":"00:00:00.0055660","StartTime":"2022-02-10T17:54:39.1875757+00:00","EndTime":"2022-02-10T17:54:39.1931436+00:00","Properties":[{"Key":{"Id":"NUnit.Seed","Label":"Seed","Category":"","Description":"","Attributes":0,"ValueType":"System.String"},"Value":"187876865"}]},{"TestCase":{"Id":"d24506aa-1006-f246-a64a-79be1600e71d","FullyQualifiedName":"PolicyTest.PolicyControllerTest.DeletePolicyIsValid","DisplayName":"DeletePolicyIsValid","ExecutorUri":"executor://NUnit3TestExecutor","Source":"C:\\Users\\2048648\\Downloads\\Policy Microservice (1)\\Policy Microservice\\PolicyUnitTest\\PolicyUnitTest\\bin\\Debug\\netcoreapp3.1\\fine-code-coverage\\build-output\\PolicyUnitTest1.dll","CodeFilePath":null,"LineNumber":0,"Properties":[{"Key":{"Id":"NUnit.Seed","Label":"Seed","Category":"","Description":"","Attributes":0,"ValueType":"System.String"},"Value":"1779496936"}]},"Attachments":[],"Outcome":1,"ErrorMessage":null,"ErrorStackTrace":null,"DisplayName":"DeletePolicyIsValid","Messages":[],"ComputerName":"LTIN344895","Duration":"00:00:00.0013630","StartTime":"2022-02-10T17:54:39.2250107+00:00","EndTime":"2022-02-10T17:54:39.2263729+00:00","Properties":[{"Key":{"Id":"NUnit.Seed","Label":"Seed","Category":"","Description":"","Attributes":0,"ValueType":"System.String"},"Value":"1779496936"}]},{"TestCase":{"Id":"87364831-cd25-01e6-ccca-e2d3b506b447","FullyQualifiedName":"PolicyTest.PolicyControllerTest.DeleteRepositoryCase","DisplayName":"DeleteRepositoryCase","ExecutorUri":"executor://NUnit3TestExecutor","Source":"C:\\Users\\2048648\\Downloads\\Policy Microservice (1)\\Policy Microservice\\PolicyUnitTest\\PolicyUnitTest\\bin\\Debug\\netcoreapp3.1\\fine-code-coverage\\build-output\\PolicyUnitTest1.dll","CodeFilePath":null,"LineNumber":0,"Properties":[{"Key":{"Id":"NUnit.Seed","Label":"Seed","Category":"","Description":"","Attributes":0,"ValueType":"System.String"},"Value":"989584167"}]},"Attachments":[],"Outcome":1,"ErrorMessage":null,"ErrorStackTrace":null,"DisplayName":"DeleteRepositoryCase","Messages":[],"ComputerName":"LTIN344895","Duration":"00:00:00.0018920","StartTime":"2022-02-10T17:54:39.2299695+00:00","EndTime":"2022-02-10T17:54:39.2318581+00:00","Properties":[{"Key":{"Id":"NUnit.Seed","Label":"Seed","Category":"","Description":"","Attributes":0,"ValueType":"System.String"},"Value":"989584167"}]}],"TestRunStatistics":{"ExecutedTests":10,"Stats":{"Passed":10}},"ActiveTests":[{"Id":"5eac1a08-ee6c-63cb-7bc0-a33e28cdaf3a","FullyQualifiedName":"PolicyTest.PolicyControllerTest.GetByIdRepo","DisplayName":"GetByIdRepo","ExecutorUri":"executor://NUnit3TestExecutor","Source":"C:\\Users\\2048648\\Downloads\\Policy Microservice (1)\\Policy Microservice\\PolicyUnitTest\\PolicyUnitTest\\bin\\Debug\\netcoreapp3.1\\fine-code-coverage\\build-output\\PolicyUnitTest1.dll","CodeFilePath":null,"LineNumber":0,"Properties":[{"Key":{"Id":"NUnit.Seed","Label":"Seed","Category":"","Description":"","Attributes":0,"ValueType":"System.String"},"Value":"1015433793"}]}]}}
TpTrace Verbose: 0 : 31068, 4, 2022/02/10, 23:24:39.259, 1384901392496, vstest.console.dll, TestRunRequest:SendTestRunStatsChange: Starting.
TpTrace Verbose: 0 : 31068, 4, 2022/02/10, 23:24:39.259, 1384901394640, vstest.console.dll, InProgress is GetByIdRepo
TpTrace Information: 0 : 31068, 4, 2022/02/10, 23:24:39.260, 1384901397093, vstest.console.dll, TestRunRequest:SendTestRunStatsChange: Completed.
TpTrace Verbose: 0 : 31068, 4, 2022/02/10, 23:24:39.260, 1384901398605, vstest.console.dll, TcpClientExtensions.MessageLoopAsync: Polling on remoteEndPoint: 127.0.0.1:59798 localEndPoint: 127.0.0.1:59797
TpTrace Verbose: 0 : 31068, 4, 2022/02/10, 23:24:39.369, 1384902489974, vstest.console.dll, TcpClientExtensions.MessageLoopAsync: NotifyDataAvailable remoteEndPoint: 127.0.0.1:59798 localEndPoint: 127.0.0.1:59797
TpTrace Verbose: 0 : 31068, 4, 2022/02/10, 23:24:39.369, 1384902492373, vstest.console.dll, TestRequestSender.OnExecutionMessageReceived: Received message: {"Version":5,"MessageType":"TestSession.Message","Payload":{"MessageLevel":0,"Message":"NUnit Adapter 4.2.0.0: Test execution complete"}}
TpTrace Verbose: 0 : 31068, 4, 2022/02/10, 23:24:39.369, 1384902495026, vstest.console.dll, TestRunRequest:SendTestRunMessage: Starting.
TpTrace Information: 0 : 31068, 4, 2022/02/10, 23:24:39.370, 1384902496631, vstest.console.dll, TestRunRequest:SendTestRunMessage: Completed.
TpTrace Verbose: 0 : 31068, 4, 2022/02/10, 23:24:39.370, 1384902497932, vstest.console.dll, TcpClientExtensions.MessageLoopAsync: Polling on remoteEndPoint: 127.0.0.1:59798 localEndPoint: 127.0.0.1:59797
TpTrace Verbose: 0 : 31068, 4, 2022/02/10, 23:24:39.408, 1384902881023, vstest.console.dll, TcpClientExtensions.MessageLoopAsync: NotifyDataAvailable remoteEndPoint: 127.0.0.1:59798 localEndPoint: 127.0.0.1:59797
TpTrace Verbose: 0 : 31068, 4, 2022/02/10, 23:24:39.408, 1384902884148, vstest.console.dll, TestRequestSender.OnExecutionMessageReceived: Received message: {"Version":5,"MessageType":"TestExecution.Completed","Payload":{"TestRunCompleteArgs":{"TestRunStatistics":{"ExecutedTests":14,"Stats":{"Passed":14}},"IsCanceled":false,"IsAborted":false,"Error":null,"AttachmentSets":[],"ElapsedTimeInRunningTests":"00:00:01.8023974","Metrics":{}},"LastRunTests":{"NewTestResults":[{"TestCase":{"Id":"5eac1a08-ee6c-63cb-7bc0-a33e28cdaf3a","FullyQualifiedName":"PolicyTest.PolicyControllerTest.GetByIdRepo","DisplayName":"GetByIdRepo","ExecutorUri":"executor://NUnit3TestExecutor","Source":"C:\\Users\\2048648\\Downloads\\Policy Microservice (1)\\Policy Microservice\\PolicyUnitTest\\PolicyUnitTest\\bin\\Debug\\netcoreapp3.1\\fine-code-coverage\\build-output\\PolicyUnitTest1.dll","CodeFilePath":null,"LineNumber":0,"Properties":[{"Key":{"Id":"NUnit.Seed","Label":"Seed","Category":"","Description":"","Attributes":0,"ValueType":"System.String"},"Value":"1015433793"}]},"Attachments":[],"Outcome":1,"ErrorMessage":null,"ErrorStackTrace":null,"DisplayName":"GetByIdRepo","Messages":[],"ComputerName":"LTIN344895","Duration":"00:00:00.0052570","StartTime":"2022-02-10T17:54:39.275077+00:00","EndTime":"2022-02-10T17:54:39.2803349+00:00","Properties":[{"Key":{"Id":"NUnit.Seed","Label":"Seed","Category":"","Description":"","Attributes":0,"ValueType":"System.String"},"Value":"1015433793"}]},{"TestCase":{"Id":"2239ec67-b2d1-c3ad-9e3d-098e03dd6011","FullyQualifiedName":"PolicyTest.PolicyControllerTest.GetByIdService","DisplayName":"GetByIdService","ExecutorUri":"executor://NUnit3TestExecutor","Source":"C:\\Users\\2048648\\Downloads\\Policy Microservice (1)\\Policy Microservice\\PolicyUnitTest\\PolicyUnitTest\\bin\\Debug\\netcoreapp3.1\\fine-code-coverage\\build-output\\PolicyUnitTest1.dll","CodeFilePath":null,"LineNumber":0,"Properties":[{"Key":{"Id":"NUnit.Seed","Label":"Seed","Category":"","Description":"","Attributes":0,"ValueType":"System.String"},"Value":"816616586"}]},"Attachments":[],"Outcome":1,"ErrorMessage":null,"ErrorStackTrace":null,"DisplayName":"GetByIdService","Messages":[],"ComputerName":"LTIN344895","Duration":"00:00:00.0023540","StartTime":"2022-02-10T17:54:39.2935757+00:00","EndTime":"2022-02-10T17:54:39.2959294+00:00","Properties":[{"Key":{"Id":"NUnit.Seed","Label":"Seed","Category":"","Description":"","Attributes":0,"ValueType":"System.String"},"Value":"816616586"}]},{"TestCase":{"Id":"ecc95c3f-932e-d3f6-4bdf-83fe0cf8933a","FullyQualifiedName":"PolicyTest.PolicyControllerTest.GetRepositoryCase","DisplayName":"GetRepositoryCase","ExecutorUri":"executor://NUnit3TestExecutor","Source":"C:\\Users\\2048648\\Downloads\\Policy Microservice (1)\\Policy Microservice\\PolicyUnitTest\\PolicyUnitTest\\bin\\Debug\\netcoreapp3.1\\fine-code-coverage\\build-output\\PolicyUnitTest1.dll","CodeFilePath":null,"LineNumber":0,"Properties":[{"Key":{"Id":"NUnit.Seed","Label":"Seed","Category":"","Description":"","Attributes":0,"ValueType":"System.String"},"Value":"966646113"}]},"Attachments":[],"Outcome":1,"ErrorMessage":null,"ErrorStackTrace":null,"DisplayName":"GetRepositoryCase","Messages":[],"ComputerName":"LTIN344895","Duration":"00:00:00.0021070","StartTime":"2022-02-10T17:54:39.3061714+00:00","EndTime":"2022-02-10T17:54:39.3082796+00:00","Properties":[{"Key":{"Id":"NUnit.Seed","Label":"Seed","Category":"","Description":"","Attributes":0,"ValueType":"System.String"},"Value":"966646113"}]},{"TestCase":{"Id":"42808cc9-89a2-2e70-b11c-100ab784b967","FullyQualifiedName":"PolicyTest.PolicyControllerTest.UpdatePolicyIsValid","DisplayName":"UpdatePolicyIsValid","ExecutorUri":"executor://NUnit3TestExecutor","Source":"C:\\Users\\2048648\\Downloads\\Policy Microservice (1)\\Policy Microservice\\PolicyUnitTest\\PolicyUnitTest\\bin\\Debug\\netcoreapp3.1\\fine-code-coverage\\build-output\\PolicyUnitTest1.dll","CodeFilePath":null,"LineNumber":0,"Properties":[{"Key":{"Id":"NUnit.Seed","Label":"Seed","Category":"","Description":"","Attributes":0,"ValueType":"System.String"},"Value":"1554085119"}]},"Attachments":[],"Outcome":1,"ErrorMessage":null,"ErrorStackTrace":null,"DisplayName":"UpdatePolicyIsValid","Messages":[],"ComputerName":"LTIN344895","Duration":"00:00:00.0012430","StartTime":"2022-02-10T17:54:39.3167616+00:00","EndTime":"2022-02-10T17:54:39.318006+00:00","Properties":[{"Key":{"Id":"NUnit.Seed","Label":"Seed","Category":"","Description":"","Attributes":0,"ValueType":"System.String"},"Value":"1554085119"}]}],"TestRunStatistics":{"ExecutedTests":14,"Stats":{"Passed":14}},"ActiveTests":[]},"RunAttachments":[],"ExecutorUris":["executor://nunit3testexecutor/"]}}
TpTrace Verbose: 0 : 31068, 4, 2022/02/10, 23:24:39.409, 1384902890665, vstest.console.dll, TestRequestSender.EndSession: Sending end session.
TpTrace Verbose: 0 : 31068, 4, 2022/02/10, 23:24:39.409, 1384902894169, vstest.console.dll, ProxyOperationManager.Close: waiting for test host to exit for 100 ms
TpTrace Warning: 0 : 31068, 4, 2022/02/10, 23:24:39.518, 1384903978493, vstest.console.dll, ProxyOperationManager: Timed out waiting for test host to exit. Will terminate process.
TpTrace Warning: 0 : 31068, 11, 2022/02/10, 23:24:39.556, 1384904363871, vstest.console.dll, TestHostManagerCallbacks.ErrorReceivedCallback Test host standard error line: 
TpTrace Verbose: 0 : 31068, 4, 2022/02/10, 23:24:39.577, 1384904572631, vstest.console.dll, ProxyDataCollectionManager.InvokeDataCollectionServiceAction: Starting.
TpTrace Information: 0 : 31068, 4, 2022/02/10, 23:24:39.577, 1384904574612, vstest.console.dll, ProxyDataCollectionManager.AfterTestRunEnd: Get attachment set for datacollector processId: 18296 port: 59793
TpTrace Verbose: 0 : 31068, 4, 2022/02/10, 23:24:39.578, 1384904576803, vstest.console.dll, DataCollectionRequestSender.SendAfterTestRunStartAndGetResult : Send AfterTestRunEnd message with isCancelled: False
TpTrace Verbose: 0 : 31068, 4, 2022/02/10, 23:24:39.585, 1384904653260, vstest.console.dll, DataCollectionRequestSender.SendAfterTestRunStartAndGetResult : Received message: (DataCollection.AfterTestRunEndResult) -> {
  "AttachmentSets": [],
  "Metrics": {}
}
TpTrace Information: 0 : 31068, 4, 2022/02/10, 23:24:39.590, 1384904697285, vstest.console.dll, ProxyDataCollectionManager.InvokeDataCollectionServiceAction: Completed.
TpTrace Warning: 0 : 31068, 7, 2022/02/10, 23:24:39.618, 1384904977396, vstest.console.dll, DataCollectionLauncher.ErrorReceivedCallback datacollector standard error line: 
TpTrace Verbose: 0 : 31068, 4, 2022/02/10, 23:24:39.633, 1384905131641, vstest.console.dll, TestRunRequest:SendTestRunStatsChange: Starting.
TpTrace Information: 0 : 31068, 4, 2022/02/10, 23:24:39.633, 1384905133810, vstest.console.dll, TestRunRequest:SendTestRunStatsChange: Completed.
TpTrace Verbose: 0 : 31068, 4, 2022/02/10, 23:24:39.634, 1384905138052, vstest.console.dll, ParallelProxyExecutionManager: HandlePartialRunComplete: Total completed clients = 1, Run complete = True, Run canceled: False.
TpTrace Information: 0 : 31068, 12, 2022/02/10, 23:24:39.649, 1384905288691, vstest.console.dll, DataCollectionLauncher.ExitCallBack: Data collector exited with exitcode: 0 error: ''
TpTrace Verbose: 0 : 31068, 4, 2022/02/10, 23:24:39.690, 1384905701662, vstest.console.dll, TestRunRequest:TestRunComplete: Starting. IsAborted:False IsCanceled:False.
TpTrace Verbose: 0 : 31068, 4, 2022/02/10, 23:24:39.691, 1384905705388, vstest.console.dll, TestLoggerManager.HandleTestRunComplete: Ignoring as the object is disposed.
TpTrace Information: 0 : 31068, 4, 2022/02/10, 23:24:39.691, 1384905710377, vstest.console.dll, TestRunRequest:TestRunComplete: Completed.
TpTrace Verbose: 0 : 31068, 4, 2022/02/10, 23:24:39.691, 1384905712051, vstest.console.dll, TestRequestSender.SetOperationComplete: Setting operation complete.
TpTrace Verbose: 0 : 31068, 1, 2022/02/10, 23:24:39.691, 1384905710698, vstest.console.dll, TestRunRequest.Dispose: Starting.
TpTrace Information: 0 : 31068, 4, 2022/02/10, 23:24:39.691, 1384905713577, vstest.console.dll, SocketServer.Stop: Stop server endPoint: 127.0.0.1:59797
TpTrace Information: 0 : 31068, 1, 2022/02/10, 23:24:39.691, 1384905714926, vstest.console.dll, TestRunRequest.Dispose: Completed.
TpTrace Information: 0 : 31068, 4, 2022/02/10, 23:24:39.692, 1384905715961, vstest.console.dll, SocketServer.Stop: Cancellation requested. Stopping message loop.
TpTrace Information: 0 : 31068, 1, 2022/02/10, 23:24:39.692, 1384905717513, vstest.console.dll, TestRequestManager.RunTests: run tests completed.
TpTrace Information: 0 : 31068, 4, 2022/02/10, 23:24:39.692, 1384905718921, vstest.console.dll, SocketServer.PrivateStop: Stop server endPoint: 127.0.0.1:59797 error: 
TpTrace Information: 0 : 31068, 1, 2022/02/10, 23:24:39.692, 1384905720758, vstest.console.dll, RunTestsArgumentProcessor:Execute: Test run is completed.
TpTrace Verbose: 0 : 31068, 1, 2022/02/10, 23:24:39.692, 1384905723708, vstest.console.dll, Executor.Execute: Exiting with exit code of 0
